This file contains any messages produced by compilers while
running configure, to aid debugging if configure makes a mistake.

It was created by libdmtx configure 0.7.4, which was
generated by GNU Autoconf 2.63.  Invocation command line was

  $ ./configure 

## --------- ##
## Platform. ##
## --------- ##

hostname = lifescan02
uname -m = x86_64
uname -r = 2.6.32-431.el6.x86_64
uname -s = Linux
uname -v = #1 SMP Thu Nov 21 13:35:52 CST 2013

/usr/bin/uname -p = unknown
/bin/uname -X     = unknown

/bin/arch              = x86_64
/usr/bin/arch -k       = unknown
/usr/convex/getsysinfo = unknown
/usr/bin/hostinfo      = unknown
/bin/machine           = unknown
/usr/bin/oslevel       = unknown
/bin/universe          = unknown

PATH: /usr/lib64/qt-3.3/bin
PATH: /usr/local/bin
PATH: /usr/bin
PATH: /bin
PATH: /usr/local/sbin
PATH: /usr/sbin
PATH: /sbin
PATH: /home/ns_image_server/bin


## ----------- ##
## Core tests. ##
## ----------- ##

configure:2068: checking for a BSD-compatible install
configure:2136: result: /usr/bin/install -c
configure:2147: checking whether build environment is sane
configure:2207: result: yes
configure:2348: checking for a thread-safe mkdir -p
configure:2387: result: /bin/mkdir -p
configure:2400: checking for gawk
configure:2416: found /usr/bin/gawk
configure:2427: result: gawk
configure:2438: checking whether make sets $(MAKE)
configure:2460: result: yes
configure:2597: checking for gcc
configure:2613: found /usr/bin/gcc
configure:2624: result: gcc
configure:2856: checking for C compiler version
configure:2864: gcc --version >&5
gcc (GCC) 4.4.7 20120313 (Red Hat 4.4.7-4)
Copyright (C) 2010 Free Software Foundation, Inc.
This is free software; see the source for copying conditions.  There is NO
warranty; not even for MERCHANTABILITY or FITNESS FOR A PARTICULAR PURPOSE.

configure:2868: $? = 0
configure:2875: gcc -v >&5
Using built-in specs.
Target: x86_64-redhat-linux
Configured with: ../configure --prefix=/usr --mandir=/usr/share/man --infodir=/usr/share/info --with-bugurl=http://bugzilla.redhat.com/bugzilla --enable-bootstrap --enable-shared --enable-threads=posix --enable-checking=release --with-system-zlib --enable-__cxa_atexit --disable-libunwind-exceptions --enable-gnu-unique-object --enable-languages=c,c++,objc,obj-c++,java,fortran,ada --enable-java-awt=gtk --disable-dssi --with-java-home=/usr/lib/jvm/java-1.5.0-gcj-1.5.0.0/jre --enable-libgcj-multifile --enable-java-maintainer-mode --with-ecj-jar=/usr/share/java/eclipse-ecj.jar --disable-libjava-multilib --with-ppl --with-cloog --with-tune=generic --with-arch_32=i686 --build=x86_64-redhat-linux
Thread model: posix
gcc version 4.4.7 20120313 (Red Hat 4.4.7-4) (GCC) 
configure:2879: $? = 0
configure:2886: gcc -V >&5
gcc: '-V' option must have argument
configure:2890: $? = 1
configure:2913: checking for C compiler default output file name
configure:2935: gcc    conftest.c  >&5
configure:2939: $? = 0
configure:2977: result: a.out
configure:2996: checking whether the C compiler works
configure:3006: ./a.out
configure:3010: $? = 0
configure:3029: result: yes
configure:3036: checking whether we are cross compiling
configure:3038: result: no
configure:3041: checking for suffix of executables
configure:3048: gcc -o conftest    conftest.c  >&5
configure:3052: $? = 0
configure:3078: result: 
configure:3084: checking for suffix of object files
configure:3110: gcc -c   conftest.c >&5
configure:3114: $? = 0
configure:3139: result: o
configure:3143: checking whether we are using the GNU C compiler
configure:3172: gcc -c   conftest.c >&5
configure:3179: $? = 0
configure:3196: result: yes
configure:3205: checking whether gcc accepts -g
configure:3235: gcc -c -g  conftest.c >&5
configure:3242: $? = 0
configure:3343: result: yes
configure:3360: checking for gcc option to accept ISO C89
configure:3434: gcc  -c -g -O2  conftest.c >&5
configure:3441: $? = 0
configure:3464: result: none needed
configure:3493: checking for style of include used by make
configure:3521: result: GNU
configure:3546: checking dependency style of gcc
configure:3656: result: gcc3
configure:3702: checking build system type
configure:3720: result: x86_64-unknown-linux-gnu
configure:3742: checking host system type
configure:3757: result: x86_64-unknown-linux-gnu
configure:3779: checking for a sed that does not truncate output
configure:3845: result: /bin/sed
configure:3863: checking for grep that handles long lines and -e
configure:3923: result: /bin/grep
configure:3928: checking for egrep
configure:3992: result: /bin/grep -E
configure:3997: checking for fgrep
configure:4061: result: /bin/grep -F
configure:4096: checking for ld used by gcc
configure:4163: result: /usr/bin/ld
configure:4172: checking if the linker (/usr/bin/ld) is GNU ld
configure:4187: result: yes
configure:4199: checking for BSD- or MS-compatible name lister (nm)
configure:4248: result: /usr/bin/nm -B
configure:4366: checking the name lister (/usr/bin/nm -B) interface
configure:4373: gcc -c -g -O2  conftest.c >&5
configure:4376: /usr/bin/nm -B "conftest.o"
configure:4379: output
0000000000000000 B some_variable
configure:4386: result: BSD nm
configure:4389: checking whether ln -s works
configure:4393: result: yes
configure:4401: checking the maximum length of command line arguments
configure:4521: result: 1966080
configure:4538: checking whether the shell understands some XSI constructs
configure:4548: result: yes
configure:4552: checking whether the shell understands "+="
configure:4558: result: yes
configure:4593: checking for /usr/bin/ld option to reload object files
configure:4600: result: -r
configure:4669: checking for objdump
configure:4685: found /usr/bin/objdump
configure:4696: result: objdump
configure:4728: checking how to recognize dependent libraries
configure:4924: result: pass_all
configure:4984: checking for ar
configure:5000: found /usr/bin/ar
configure:5011: result: ar
configure:5089: checking for strip
configure:5105: found /usr/bin/strip
configure:5116: result: strip
configure:5188: checking for ranlib
configure:5204: found /usr/bin/ranlib
configure:5215: result: ranlib
configure:5305: checking command to parse /usr/bin/nm -B output from gcc object
configure:5423: gcc -c -g -O2  conftest.c >&5
configure:5426: $? = 0
configure:5430: /usr/bin/nm -B conftest.o \| sed -n -e 's/^.*[	 ]\([ABCDGIRSTW][ABCDGIRSTW]*\)[	 ][	 ]*\([_A-Za-z][_A-Za-z0-9]*\)$/\1 \2 \2/p' \> conftest.nm
configure:5433: $? = 0
configure:5487: gcc -o conftest -g -O2   conftest.c conftstm.o >&5
configure:5490: $? = 0
configure:5528: result: ok
configure:5624: gcc -c -g -O2  conftest.c >&5
configure:5627: $? = 0
configure:6395: checking how to run the C preprocessor
configure:6435: gcc -E  conftest.c
configure:6442: $? = 0
configure:6473: gcc -E  conftest.c
conftest.c:10:28: error: ac_nonexistent.h: No such file or directory
configure:6480: $? = 1
configure: failed program was:
| /* confdefs.h.  */
| #define PACKAGE_NAME "libdmtx"
| #define PACKAGE_TARNAME "libdmtx"
| #define PACKAGE_VERSION "0.7.4"
| #define PACKAGE_STRING "libdmtx 0.7.4"
| #define PACKAGE_BUGREPORT "mike@dragonflylogic.com"
| #define PACKAGE "libdmtx"
| #define VERSION "0.7.4"
| /* end confdefs.h.  */
| #include <ac_nonexistent.h>
configure:6513: result: gcc -E
configure:6542: gcc -E  conftest.c
configure:6549: $? = 0
configure:6580: gcc -E  conftest.c
conftest.c:10:28: error: ac_nonexistent.h: No such file or directory
configure:6587: $? = 1
configure: failed program was:
| /* confdefs.h.  */
| #define PACKAGE_NAME "libdmtx"
| #define PACKAGE_TARNAME "libdmtx"
| #define PACKAGE_VERSION "0.7.4"
| #define PACKAGE_STRING "libdmtx 0.7.4"
| #define PACKAGE_BUGREPORT "mike@dragonflylogic.com"
| #define PACKAGE "libdmtx"
| #define VERSION "0.7.4"
| /* end confdefs.h.  */
| #include <ac_nonexistent.h>
configure:6627: checking for ANSI C header files
configure:6657: gcc -c -g -O2  conftest.c >&5
configure:6664: $? = 0
configure:6763: gcc -o conftest -g -O2   conftest.c  >&5
configure:6767: $? = 0
configure:6773: ./conftest
configure:6777: $? = 0
configure:6795: result: yes
configure:6819: checking for sys/types.h
configure:6840: gcc -c -g -O2  conftest.c >&5
configure:6847: $? = 0
configure:6864: result: yes
configure:6819: checking for sys/stat.h
configure:6840: gcc -c -g -O2  conftest.c >&5
configure:6847: $? = 0
configure:6864: result: yes
configure:6819: checking for stdlib.h
configure:6840: gcc -c -g -O2  conftest.c >&5
configure:6847: $? = 0
configure:6864: result: yes
configure:6819: checking for string.h
configure:6840: gcc -c -g -O2  conftest.c >&5
configure:6847: $? = 0
configure:6864: result: yes
configure:6819: checking for memory.h
configure:6840: gcc -c -g -O2  conftest.c >&5
configure:6847: $? = 0
configure:6864: result: yes
configure:6819: checking for strings.h
configure:6840: gcc -c -g -O2  conftest.c >&5
configure:6847: $? = 0
configure:6864: result: yes
configure:6819: checking for inttypes.h
configure:6840: gcc -c -g -O2  conftest.c >&5
configure:6847: $? = 0
configure:6864: result: yes
configure:6819: checking for stdint.h
configure:6840: gcc -c -g -O2  conftest.c >&5
configure:6847: $? = 0
configure:6864: result: yes
configure:6819: checking for unistd.h
configure:6840: gcc -c -g -O2  conftest.c >&5
configure:6847: $? = 0
configure:6864: result: yes
configure:6882: checking for dlfcn.h
configure:6903: gcc -c -g -O2  conftest.c >&5
configure:6910: $? = 0
configure:6927: result: yes
configure:7113: checking for objdir
configure:7128: result: .libs
configure:7424: checking if gcc supports -fno-rtti -fno-exceptions
configure:7442: gcc -c -g -O2  -fno-rtti -fno-exceptions conftest.c >&5
cc1: warning: command line option "-fno-rtti" is valid for C++/ObjC++ but not for C
configure:7446: $? = 0
configure:7459: result: no
configure:7479: checking for gcc option to produce PIC
configure:7751: result: -fPIC -DPIC
configure:7763: checking if gcc PIC flag -fPIC -DPIC works
configure:7781: gcc -c -g -O2  -fPIC -DPIC -DPIC conftest.c >&5
configure:7785: $? = 0
configure:7798: result: yes
configure:7822: checking if gcc static flag -static works
configure:7850: result: no
configure:7865: checking if gcc supports -c -o file.o
configure:7886: gcc -c -g -O2  -o out/conftest2.o conftest.c >&5
configure:7890: $? = 0
configure:7912: result: yes
configure:7920: checking if gcc supports -c -o file.o
configure:7967: result: yes
configure:8000: checking whether the gcc linker (/usr/bin/ld -m elf_x86_64) supports shared libraries
configure:9074: result: yes
configure:9111: checking whether -lc should be explicitly linked in
configure:9116: gcc -c -g -O2  conftest.c >&5
configure:9119: $? = 0
configure:9134: gcc -shared conftest.o  -v -Wl,-soname -Wl,conftest -o conftest 2\>\&1 \| /bin/grep  -lc  \>/dev/null 2\>\&1
configure:9137: $? = 0
configure:9149: result: no
configure:9313: checking dynamic linker characteristics
configure:9756: gcc -o conftest -g -O2   -Wl,-rpath -Wl,/foo conftest.c  >&5
configure:9763: $? = 0
configure:9999: result: GNU/Linux ld.so
configure:10101: checking how to hardcode library paths into programs
configure:10126: result: immediate
configure:10959: checking whether stripping libraries is possible
configure:10964: result: yes
configure:10999: checking if libtool supports shared libraries
configure:11001: result: yes
configure:11004: checking whether to build shared libraries
configure:11025: result: yes
configure:11028: checking whether to build static libraries
configure:11032: result: yes
configure:11068: checking whether gcc and cc understand -c and -o together
configure:11103: gcc -c conftest.c -o conftest2.o >&5
configure:11107: $? = 0
configure:11113: gcc -c conftest.c -o conftest2.o >&5
configure:11117: $? = 0
configure:11128: cc -c conftest.c >&5
configure:11132: $? = 0
configure:11140: cc -c conftest.c -o conftest2.o >&5
configure:11144: $? = 0
configure:11150: cc -c conftest.c -o conftest2.o >&5
configure:11154: $? = 0
configure:11172: result: yes
configure:11200: checking for library containing sin
configure:11241: gcc -o conftest -g -O2   conftest.c  >&5
conftest.c:29: warning: conflicting types for built-in function 'sin'
/tmp/ccMVWUVQ.o: In function `main':
/home/ns_image_server/lifespan/external_compile_libraries/libdmtx-0.7.4/conftest.c:33: undefined reference to `sin'
collect2: ld returned 1 exit status
configure:11248: $? = 1
configure: failed program was:
| /* confdefs.h.  */
| #define PACKAGE_NAME "libdmtx"
| #define PACKAGE_TARNAME "libdmtx"
| #define PACKAGE_VERSION "0.7.4"
| #define PACKAGE_STRING "libdmtx 0.7.4"
| #define PACKAGE_BUGREPORT "mike@dragonflylogic.com"
| #define PACKAGE "libdmtx"
| #define VERSION "0.7.4"
| #define STDC_HEADERS 1
| #define HAVE_SYS_TYPES_H 1
| #define HAVE_SYS_STAT_H 1
| #define HAVE_STDLIB_H 1
| #define HAVE_STRING_H 1
| #define HAVE_MEMORY_H 1
| #define HAVE_STRINGS_H 1
| #define HAVE_INTTYPES_H 1
| #define HAVE_STDINT_H 1
| #define HAVE_UNISTD_H 1
| #define HAVE_DLFCN_H 1
| #define LT_OBJDIR ".libs/"
| /* end confdefs.h.  */
| 
| /* Override any GCC internal prototype to avoid an error.
|    Use char because int might match the return type of a GCC
|    builtin and then its argument prototype would still apply.  */
| #ifdef __cplusplus
| extern "C"
| #endif
| char sin ();
| int
| main ()
| {
| return sin ();
|   ;
|   return 0;
| }
configure:11241: gcc -o conftest -g -O2   conftest.c -lm   >&5
conftest.c:29: warning: conflicting types for built-in function 'sin'
configure:11248: $? = 0
configure:11279: result: -lm
configure:11291: checking for library containing cos
configure:11332: gcc -o conftest -g -O2   conftest.c -lm  >&5
conftest.c:29: warning: conflicting types for built-in function 'cos'
configure:11339: $? = 0
configure:11370: result: none required
configure:11382: checking for library containing atan2
configure:11423: gcc -o conftest -g -O2   conftest.c -lm  >&5
conftest.c:29: warning: conflicting types for built-in function 'atan2'
configure:11430: $? = 0
configure:11461: result: none required
configure:11490: checking sys/time.h usability
configure:11507: gcc -c -g -O2  conftest.c >&5
configure:11514: $? = 0
configure:11528: result: yes
configure:11532: checking sys/time.h presence
configure:11547: gcc -E  conftest.c
configure:11554: $? = 0
configure:11568: result: yes
configure:11601: checking for sys/time.h
configure:11610: result: yes
configure:11629: checking for gettimeofday
configure:11685: gcc -o conftest -g -O2   conftest.c -lm  >&5
configure:11692: $? = 0
configure:11714: result: yes
configure:11879: creating ./config.status

## ---------------------- ##
## Running config.status. ##
## ---------------------- ##

This file was extended by libdmtx config.status 0.7.4, which was
generated by GNU Autoconf 2.63.  Invocation command line was

  CONFIG_FILES    = 
  CONFIG_HEADERS  = 
  CONFIG_LINKS    = 
  CONFIG_COMMANDS = 
  $ ./config.status 

on lifescan02

config.status:990: creating Makefile
config.status:990: creating libdmtx.pc
config.status:990: creating test/Makefile
config.status:990: creating test/simple_test/Makefile
config.status:990: creating config.h
config.status:1264: executing depfiles commands
config.status:1264: executing libtool commands

## ---------------- ##
## Cache variables. ##
## ---------------- ##

ac_cv_build=x86_64-unknown-linux-gnu
ac_cv_c_compiler_gnu=yes
ac_cv_env_CC_set=
ac_cv_env_CC_value=
ac_cv_env_CFLAGS_set=
ac_cv_env_CFLAGS_value=
ac_cv_env_CPPFLAGS_set=
ac_cv_env_CPPFLAGS_value=
ac_cv_env_CPP_set=
ac_cv_env_CPP_value=
ac_cv_env_LDFLAGS_set=
ac_cv_env_LDFLAGS_value=
ac_cv_env_LIBS_set=
ac_cv_env_LIBS_value=
ac_cv_env_build_alias_set=
ac_cv_env_build_alias_value=
ac_cv_env_host_alias_set=
ac_cv_env_host_alias_value=
ac_cv_env_target_alias_set=
ac_cv_env_target_alias_value=
ac_cv_func_gettimeofday=yes
ac_cv_header_dlfcn_h=yes
ac_cv_header_inttypes_h=yes
ac_cv_header_memory_h=yes
ac_cv_header_stdc=yes
ac_cv_header_stdint_h=yes
ac_cv_header_stdlib_h=yes
ac_cv_header_string_h=yes
ac_cv_header_strings_h=yes
ac_cv_header_sys_stat_h=yes
ac_cv_header_sys_time_h=yes
ac_cv_header_sys_types_h=yes
ac_cv_header_unistd_h=yes
ac_cv_host=x86_64-unknown-linux-gnu
ac_cv_objext=o
ac_cv_path_EGREP='/bin/grep -E'
ac_cv_path_FGREP='/bin/grep -F'
ac_cv_path_GREP=/bin/grep
ac_cv_path_SED=/bin/sed
ac_cv_path_install='/usr/bin/install -c'
ac_cv_path_mkdir=/bin/mkdir
ac_cv_prog_AWK=gawk
ac_cv_prog_CPP='gcc -E'
ac_cv_prog_ac_ct_AR=ar
ac_cv_prog_ac_ct_CC=gcc
ac_cv_prog_ac_ct_OBJDUMP=objdump
ac_cv_prog_ac_ct_RANLIB=ranlib
ac_cv_prog_ac_ct_STRIP=strip
ac_cv_prog_cc_c89=
ac_cv_prog_cc_g=yes
ac_cv_prog_cc_gcc_c_o=yes
ac_cv_prog_make_make_set=yes
ac_cv_search_atan2='none required'
ac_cv_search_cos='none required'
ac_cv_search_sin=-lm
am_cv_CC_dependencies_compiler_type=gcc3
lt_cv_deplibs_check_method=pass_all
lt_cv_file_magic_cmd='$MAGIC_CMD'
lt_cv_file_magic_test_file=
lt_cv_ld_reload_flag=-r
lt_cv_nm_interface='BSD nm'
lt_cv_objdir=.libs
lt_cv_path_LD=/usr/bin/ld
lt_cv_path_NM='/usr/bin/nm -B'
lt_cv_prog_compiler_c_o=yes
lt_cv_prog_compiler_pic_works=yes
lt_cv_prog_compiler_rtti_exceptions=no
lt_cv_prog_compiler_static_works=no
lt_cv_prog_gnu_ld=yes
lt_cv_sys_global_symbol_pipe='sed -n -e '\''s/^.*[	 ]\([ABCDGIRSTW][ABCDGIRSTW]*\)[	 ][	 ]*\([_A-Za-z][_A-Za-z0-9]*\)$/\1 \2 \2/p'\'''
lt_cv_sys_global_symbol_to_c_name_address='sed -n -e '\''s/^: \([^ ]*\) $/  {\"\1\", (void *) 0},/p'\'' -e '\''s/^[ABCDGIRSTW]* \([^ ]*\) \([^ ]*\)$/  {"\2", (void *) \&\2},/p'\'''
lt_cv_sys_global_symbol_to_c_name_address_lib_prefix='sed -n -e '\''s/^: \([^ ]*\) $/  {\"\1\", (void *) 0},/p'\'' -e '\''s/^[ABCDGIRSTW]* \([^ ]*\) \(lib[^ ]*\)$/  {"\2", (void *) \&\2},/p'\'' -e '\''s/^[ABCDGIRSTW]* \([^ ]*\) \([^ ]*\)$/  {"lib\2", (void *) \&\2},/p'\'''
lt_cv_sys_global_symbol_to_cdecl='sed -n -e '\''s/^T .* \(.*\)$/extern int \1();/p'\'' -e '\''s/^[ABCDGIRSTW]* .* \(.*\)$/extern char \1;/p'\'''
lt_cv_sys_max_cmd_len=1966080

## ----------------- ##
## Output variables. ##
## ----------------- ##

ACLOCAL='${SHELL} /home/ns_image_server/lifespan/external_compile_libraries/libdmtx-0.7.4/missing --run aclocal-1.11'
AMDEPBACKSLASH='\'
AMDEP_FALSE='#'
AMDEP_TRUE=''
AMTAR='${SHELL} /home/ns_image_server/lifespan/external_compile_libraries/libdmtx-0.7.4/missing --run tar'
AR='ar'
AUTOCONF='${SHELL} /home/ns_image_server/lifespan/external_compile_libraries/libdmtx-0.7.4/missing --run autoconf'
AUTOHEADER='${SHELL} /home/ns_image_server/lifespan/external_compile_libraries/libdmtx-0.7.4/missing --run autoheader'
AUTOMAKE='${SHELL} /home/ns_image_server/lifespan/external_compile_libraries/libdmtx-0.7.4/missing --run automake-1.11'
AWK='gawk'
CC='gcc'
CCDEPMODE='depmode=gcc3'
CFLAGS='-g -O2'
CPP='gcc -E'
CPPFLAGS=''
CYGPATH_W='echo'
DEFS='-DHAVE_CONFIG_H'
DEPDIR='.deps'
DSYMUTIL=''
DUMPBIN=''
ECHO_C=''
ECHO_N='-n'
ECHO_T=''
EGREP='/bin/grep -E'
EXEEXT=''
FGREP='/bin/grep -F'
GREP='/bin/grep'
INSTALL_DATA='${INSTALL} -m 644'
INSTALL_PROGRAM='${INSTALL}'
INSTALL_SCRIPT='${INSTALL}'
INSTALL_STRIP_PROGRAM='$(install_sh) -c -s'
LD='/usr/bin/ld -m elf_x86_64'
LDFLAGS=''
LIBOBJS=''
LIBS='-lm '
LIBTOOL='$(SHELL) $(top_builddir)/libtool'
LIPO=''
LN_S='ln -s'
LTLIBOBJS=''
MAKEINFO='${SHELL} /home/ns_image_server/lifespan/external_compile_libraries/libdmtx-0.7.4/missing --run makeinfo'
MKDIR_P='/bin/mkdir -p'
NM='/usr/bin/nm -B'
NMEDIT=''
OBJDUMP='objdump'
OBJEXT='o'
OTOOL64=''
OTOOL=''
PACKAGE='libdmtx'
PACKAGE_BUGREPORT='mike@dragonflylogic.com'
PACKAGE_NAME='libdmtx'
PACKAGE_STRING='libdmtx 0.7.4'
PACKAGE_TARNAME='libdmtx'
PACKAGE_VERSION='0.7.4'
PATH_SEPARATOR=':'
RANLIB='ranlib'
SED='/bin/sed'
SET_MAKE=''
SHELL='/bin/sh'
STRIP='strip'
TARGET_MACOSX_FALSE=''
TARGET_MACOSX_TRUE='#'
VERSION='0.7.4'
ac_ct_CC='gcc'
ac_ct_DUMPBIN=''
am__EXEEXT_FALSE=''
am__EXEEXT_TRUE='#'
am__fastdepCC_FALSE='#'
am__fastdepCC_TRUE=''
am__include='include'
am__isrc=''
am__leading_dot='.'
am__quote=''
am__tar='${AMTAR} chof - "$$tardir"'
am__untar='${AMTAR} xf -'
bindir='${exec_prefix}/bin'
build='x86_64-unknown-linux-gnu'
build_alias=''
build_cpu='x86_64'
build_os='linux-gnu'
build_vendor='unknown'
datadir='${datarootdir}'
datarootdir='${prefix}/share'
docdir='${datarootdir}/doc/${PACKAGE_TARNAME}'
dvidir='${docdir}'
exec_prefix='${prefix}'
host='x86_64-unknown-linux-gnu'
host_alias=''
host_cpu='x86_64'
host_os='linux-gnu'
host_vendor='unknown'
htmldir='${docdir}'
includedir='${prefix}/include'
infodir='${datarootdir}/info'
install_sh='${SHELL} /home/ns_image_server/lifespan/external_compile_libraries/libdmtx-0.7.4/install-sh'
libdir='${exec_prefix}/lib'
libexecdir='${exec_prefix}/libexec'
localedir='${datarootdir}/locale'
localstatedir='${prefix}/var'
lt_ECHO='echo'
mandir='${datarootdir}/man'
mkdir_p='/bin/mkdir -p'
oldincludedir='/usr/include'
pdfdir='${docdir}'
prefix='/usr/local'
program_transform_name='s,x,x,'
psdir='${docdir}'
sbindir='${exec_prefix}/sbin'
sharedstatedir='${prefix}/com'
sysconfdir='${prefix}/etc'
target_alias=''

## ----------- ##
## confdefs.h. ##
## ----------- ##

#define PACKAGE_NAME "libdmtx"
#define PACKAGE_TARNAME "libdmtx"
#define PACKAGE_VERSION "0.7.4"
#define PACKAGE_STRING "libdmtx 0.7.4"
#define PACKAGE_BUGREPORT "mike@dragonflylogic.com"
#define PACKAGE "libdmtx"
#define VERSION "0.7.4"
#define STDC_HEADERS 1
#define HAVE_SYS_TYPES_H 1
#define HAVE_SYS_STAT_H 1
#define HAVE_STDLIB_H 1
#define HAVE_STRING_H 1
#define HAVE_MEMORY_H 1
#define HAVE_STRINGS_H 1
#define HAVE_INTTYPES_H 1
#define HAVE_STDINT_H 1
#define HAVE_UNISTD_H 1
#define HAVE_DLFCN_H 1
#define LT_OBJDIR ".libs/"
#define HAVE_SYS_TIME_H 1
#define HAVE_GETTIMEOFDAY 1

configure: exit 0
